<?xml version="1.0" encoding="utf-8"?><testsuites name="pytest tests"><testsuite name="pytest" errors="0" failures="0" skipped="0" tests="103" time="0.291" timestamp="2026-06-28T13:41:22.607084-05:00" hostname="SuneelKumarBikkasani"><testcase classname="tests.integration.test_full_pipeline.TestWorkspaceIntegrity" name="test_all_organs_have_directories" time="0.001" /><testcase classname="tests.integration.test_full_pipeline.TestWorkspaceIntegrity" name="test_all_organs_have_nerve_json" time="0.000" /><testcase classname="tests.integration.test_full_pipeline.TestWorkspaceIntegrity" name="test_all_organs_have_nerve_inbox" time="0.000" /><testcase classname="tests.integration.test_full_pipeline.TestWorkspaceIntegrity" name="test_all_nerve_jsons_are_v1_1" time="0.000" /><testcase classname="tests.integration.test_full_pipeline.TestWorkspaceIntegrity" name="test_all_nerve_jsons_have_provides" time="0.000" /><testcase classname="tests.integration.test_full_pipeline.TestCLICompleteness" name="test_all_essential_commands_exist" time="0.000" /><testcase classname="tests.integration.test_full_pipeline.TestNervePipelineIntegration" name="test_notify_and_check_inbox" time="0.001" /><testcase classname="tests.integration.test_full_pipeline.TestNervePipelineIntegration" name="test_nerve_propagator_get_status" time="0.000" /><testcase classname="tests.integration.test_full_pipeline.TestOllamaStackIntegration" name="test_orchestrator_state_exists" time="0.000" /><testcase classname="tests.integration.test_full_pipeline.TestOllamaStackIntegration" name="test_orchestrator_has_run" time="0.000" /><testcase classname="tests.integration.test_full_pipeline.TestOllamaStackIntegration" name="test_code_review_report_exists" time="0.000" /><testcase classname="tests.integration.test_full_pipeline.TestOllamaStackIntegration" name="test_security_scan_log_exists" time="0.000" /><testcase classname="tests.nerve_system.test_nervous.TestNervousStructure" name="test_nerve_propagator_exists" time="0.000" /><testcase classname="tests.nerve_system.test_nervous.TestNervousStructure" name="test_nerve_registry_exists" time="0.000" /><testcase classname="tests.nerve_system.test_nervous.TestNervousStructure" name="test_nerve_json_exists" time="0.000" /><testcase classname="tests.nerve_system.test_nervous.TestNervousStructure" name="test_mcp_server_dir_exists" time="0.000" /><testcase classname="tests.nerve_system.test_nervous.TestNervousStructure" name="test_nerve_healer_exists" time="0.000" /><testcase classname="tests.nerve_system.test_nervous.TestNervousNerveJson" name="test_nerve_json_valid" time="0.000" /><testcase classname="tests.nerve_system.test_nervous.TestNervePropagator" name="test_nerve_propagator_imports" time="0.000" /><testcase classname="tests.nerve_system.test_nervous.TestNervePropagator" name="test_nerve_healer_imports" time="0.000" /><testcase classname="tests.nerve_system.test_nervous.TestNervePropagator" name="test_notify_change_works" time="0.000" /><testcase classname="tests.nerve_system.test_nervous.TestNervePropagator" name="test_notify_change_creates_inbox_file" time="0.000" /><testcase classname="tests.nerve_system.test_nervous.TestNervePropagator" name="test_get_status_works" time="0.000" /><testcase classname="tests.nerve_system.test_nervous.TestNerveRegistry" name="test_nerve_registry_valid_json" time="0.000" /><testcase classname="tests.nerve_system.test_nervous.TestNerveRegistry" name="test_all_12_organs_have_nerve_json" time="0.000" /><testcase classname="tests.nerve_system.test_nervous.TestNerveRegistry" name="test_all_nerve_jsons_have_version_1_1" time="0.000" /><testcase classname="tests.ollama_engines.test_ollama_engines.TestOllamaEngineFiles" name="test_repair_engine_exists" time="0.000" /><testcase classname="tests.ollama_engines.test_ollama_engines.TestOllamaEngineFiles" name="test_learning_engine_exists" time="0.000" /><testcase classname="tests.ollama_engines.test_ollama_engines.TestOllamaEngineFiles" name="test_code_review_engine_exists" time="0.000" /><testcase classname="tests.ollama_engines.test_ollama_engines.TestOllamaEngineFiles" name="test_security_scanner_exists" time="0.000" /><testcase classname="tests.ollama_engines.test_ollama_engines.TestOllamaEngineFiles" name="test_orchestrator_exists" time="0.000" /><testcase classname="tests.ollama_engines.test_ollama_engines.TestOllamaEngineFiles" name="test_nerve_healer_exists" time="0.000" /><testcase classname="tests.ollama_engines.test_ollama_engines.TestOllamaEngineFiles" name="test_memory_curator_exists" time="0.000" /><testcase classname="tests.ollama_engines.test_ollama_engines.TestOllamaEngineFiles" name="test_experiment_skill_generator_exists" time="0.000" /><testcase classname="tests.ollama_engines.test_ollama_engines.TestOllamaEngineFiles" name="test_deep_scan_engine_exists" time="0.000" /><testcase classname="tests.ollama_engines.test_ollama_engines.TestOllamaEngineImports" name="test_repair_engine_imports" time="0.000" /><testcase classname="tests.ollama_engines.test_ollama_engines.TestOllamaEngineImports" name="test_learning_engine_imports" time="0.000" /><testcase classname="tests.ollama_engines.test_ollama_engines.TestOllamaEngineImports" name="test_code_review_imports" time="0.000" /><testcase classname="tests.ollama_engines.test_ollama_engines.TestOllamaEngineImports" name="test_security_scanner_imports" time="0.000" /><testcase classname="tests.ollama_engines.test_ollama_engines.TestOllamaEngineImports" name="test_orchestrator_imports" time="0.000" /><testcase classname="tests.ollama_engines.test_ollama_engines.TestOllamaEngineImports" name="test_nerve_healer_imports" time="0.000" /><testcase classname="tests.ollama_engines.test_ollama_engines.TestOllamaEngineImports" name="test_memory_curator_imports" time="0.001" /><testcase classname="tests.ollama_engines.test_ollama_engines.TestOllamaEngineImports" name="test_experiment_skill_generator_imports" time="0.000" /><testcase classname="tests.ollama_engines.test_ollama_engines.TestOllamaConnectivity" name="test_ollama_server_running" time="0.012" /><testcase classname="tests.ollama_engines.test_ollama_engines.TestOllamaConnectivity" name="test_suneelworkspace_model_available" time="0.003" /><testcase classname="tests.ollama_engines.test_ollama_engines.TestOllamaConnectivity" name="test_ollama_can_generate" time="0.175" /><testcase classname="tests.ollama_engines.test_ollama_engines.TestOllamaCLI" name="test_ollama_review_command" time="0.000" /><testcase classname="tests.ollama_engines.test_ollama_engines.TestOllamaCLI" name="test_security_scan_command" time="0.000" /><testcase classname="tests.ollama_engines.test_ollama_engines.TestOllamaCLI" name="test_ollama_stack_start_command" time="0.000" /><testcase classname="tests.ollama_engines.test_ollama_engines.TestOllamaCLI" name="test_ollama_stack_status_command" time="0.000" /><testcase classname="tests.ollama_engines.test_ollama_engines.TestOllamaCLI" name="test_memory_curate_command" time="0.000" /><testcase classname="tests.ollama_engines.test_ollama_engines.TestOllamaCLI" name="test_nerve_heal_command" time="0.000" /><testcase classname="tests.ollama_engines.test_ollama_engines.TestOllamaCLI" name="test_ollama_orchestrate_command" time="0.000" /><testcase classname="tests.organs.blood.test_blood.TestBloodStructure" name="test_nerve_json_exists" time="0.001" /><testcase classname="tests.organs.blood.test_blood.TestBloodStructure" name="test_logs_dir_exists" time="0.000" /><testcase classname="tests.organs.blood.test_blood.TestBloodStructure" name="test_telemetry_dir_exists" time="0.000" /><testcase classname="tests.organs.blood.test_blood.TestBloodStructure" name="test_session_log_exists" time="0.000" /><testcase classname="tests.organs.blood.test_blood.TestBloodNerveJson" name="test_nerve_json_valid" time="0.000" /><testcase classname="tests.organs.blood.test_blood.TestBloodTelemetry" name="test_telemetry_db_exists_or_skip" time="0.001" /><testcase classname="tests.organs.blood.test_blood.TestBloodTelemetry" name="test_telemetry_writer_importable_or_skip" time="0.000" /><testcase classname="tests.organs.blood.test_blood.TestBloodTelemetry" name="test_night_ops_dir_exists" time="0.000" /><testcase classname="tests.organs.blood.test_blood.TestBloodTelemetry" name="test_deep_scan_findings_exist" time="0.000" /><testcase classname="tests.organs.brain.test_brain.TestBrainStructure" name="test_nerve_json_exists" time="0.000" /><testcase classname="tests.organs.brain.test_brain.TestBrainStructure" name="test_readme_exists" time="0.000" /><testcase classname="tests.organs.brain.test_brain.TestBrainStructure" name="test_memory_files_exist" time="0.000" /><testcase classname="tests.organs.brain.test_brain.TestBrainStructure" name="test_memory_dir_exists" time="0.000" /><testcase classname="tests.organs.brain.test_brain.TestBrainNerveJson" name="test_nerve_json_valid" time="0.000" /><testcase classname="tests.organs.brain.test_brain.TestBrainNerveJson" name="test_nerve_json_has_provides" time="0.000" /><testcase classname="tests.organs.brain.test_brain.TestBrainNerveJson" name="test_nerve_inbox_exists" time="0.000" /><testcase classname="tests.organs.brain.test_brain.TestBrainImports" name="test_memory_curator_imports" time="0.000" /><testcase classname="tests.organs.brain.test_brain.TestBrainCLI" name="test_memory_search_command" time="0.000" /><testcase classname="tests.organs.eyes.test_eyes.TestEyesStructure" name="test_nerve_json_exists" time="0.000" /><testcase classname="tests.organs.eyes.test_eyes.TestEyesStructure" name="test_readme_exists" time="0.000" /><testcase classname="tests.organs.eyes.test_eyes.TestEyesStructure" name="test_dashboard_server_exists" time="0.000" /><testcase classname="tests.organs.eyes.test_eyes.TestEyesStructure" name="test_dashboard_index_exists" time="0.000" /><testcase classname="tests.organs.eyes.test_eyes.TestEyesStructure" name="test_widgets_dir_exists" time="0.000" /><testcase classname="tests.organs.eyes.test_eyes.TestEyesStructure" name="test_nerve_monitor_widget_exists" time="0.000" /><testcase classname="tests.organs.eyes.test_eyes.TestEyesStructure" name="test_ollama_status_widget_exists" time="0.000" /><testcase classname="tests.organs.eyes.test_eyes.TestEyesStructure" name="test_hermes_status_widget_exists" time="0.000" /><testcase classname="tests.organs.eyes.test_eyes.TestEyesNerveJson" name="test_nerve_json_valid" time="0.000" /><testcase classname="tests.organs.eyes.test_eyes.TestEyesImports" name="test_nerve_monitor_imports" time="0.002" /><testcase classname="tests.organs.eyes.test_eyes.TestEyesImports" name="test_ollama_status_imports" time="0.000" /><testcase classname="tests.organs.eyes.test_eyes.TestEyesImports" name="test_hermes_status_imports" time="0.045" /><testcase classname="tests.organs.eyes.test_eyes.TestEyesNerveMonitor" name="test_nerve_monitor_get_data" time="0.000" /><testcase classname="tests.organs.eyes.test_eyes.TestEyesNerveMonitor" name="test_nerve_monitor_render_html" time="0.000" /><testcase classname="tests.organs.eyes.test_eyes.TestEyesCLI" name="test_workspace_dashboard_command" time="0.000" /><testcase classname="tests.organs.eyes.test_eyes.TestEyesCLI" name="test_run_tests_command" time="0.000" /><testcase classname="tests.organs.heart.test_heart.TestHeartStructure" name="test_nerve_json_exists" time="0.000" /><testcase classname="tests.organs.heart.test_heart.TestHeartStructure" name="test_readme_exists" time="0.000" /><testcase classname="tests.organs.heart.test_heart.TestHeartStructure" name="test_model_router_dir_exists" time="0.000" /><testcase classname="tests.organs.heart.test_heart.TestHeartStructure" name="test_router_py_exists" time="0.000" /><testcase classname="tests.organs.heart.test_heart.TestHeartStructure" name="test_model_registry_exists" time="0.000" /><testcase classname="tests.organs.heart.test_heart.TestHeartStructure" name="test_quota_tracker_exists" time="0.000" /><testcase classname="tests.organs.heart.test_heart.TestHeartStructure" name="test_model_rotator_exists" time="0.000" /><testcase classname="tests.organs.heart.test_heart.TestHeartStructure" name="test_health_checker_exists" time="0.000" /><testcase classname="tests.organs.heart.test_heart.TestHeartNerveJson" name="test_nerve_json_valid" time="0.000" /><testcase classname="tests.organs.heart.test_heart.TestHeartModelRouter" name="test_router_imports" time="0.000" /><testcase classname="tests.organs.heart.test_heart.TestHeartModelRouter" name="test_quota_tracker_imports" time="0.000" /><testcase classname="tests.organs.heart.test_heart.TestHeartModelRouter" name="test_model_rotator_imports" time="0.000" /><testcase classname="tests.organs.heart.test_heart.TestHeartModelRouter" name="test_get_best_model_returns_model" time="0.000" /><testcase classname="tests.organs.heart.test_heart.TestHeartModelRouter" name="test_get_best_model_for_task_returns_dict" time="0.000" /><testcase classname="tests.organs.heart.test_heart.TestHeartModelRouter" name="test_model_registry_valid" time="0.000" /><testcase classname="tests.organs.heart.test_heart.TestHeartCLI" name="test_model_rotate_command" time="0.000" /></testsuite></testsuites>